  les_4.cpp
C:\Users\vadim\OneDrive\Документи\C++\Difficult moments C++\lesson_4\les_4\les_4\les_4.cpp(79,15): warning C4244: инициализация: преобразование "double" в "float", возможна потеря данных
C:\Users\vadim\OneDrive\Документи\C++\Difficult moments C++\lesson_4\les_4\les_4\les_4.cpp(85,17): warning C4244: инициализация: преобразование "_Ty" в "float", возможна потеря данных
          with
          [
              _Ty=int
          ]
C:\Users\vadim\OneDrive\Документи\C++\Difficult moments C++\lesson_4\les_4\les_4\les_4.cpp(93,23): warning C4018: <: несоответствие типов со знаком и без знака
C:\Users\vadim\OneDrive\Документи\C++\Difficult moments C++\lesson_4\les_4\les_4\les_4.cpp(95,44): warning C4244: +=: преобразование "double" в "float", возможна потеря данных
C:\Program Files (x86)\Microsoft Visual Studio\2019\Community\VC\Tools\MSVC\14.29.30037\include\algorithm(3513,25): warning C4244: =: преобразование "double" в "float", возможна потеря данных
C:\Users\vadim\OneDrive\Документи\C++\Difficult moments C++\lesson_4\les_4\les_4\les_4.cpp(71): message : выполняется компиляция ссылки на экземпляр шаблон функции "void std::generate<std::_Vector_iterator<std::_Vector_val<std::_Simple_types<_Ty>>>,main::<lambda_81602a94e12d7c0e6115224009beffcd>>(_FwdIt,_FwdIt,_Fn)"
          with
          [
              _Ty=float,
              _FwdIt=std::_Vector_iterator<std::_Vector_val<std::_Simple_types<float>>>,
              _Fn=main::<lambda_81602a94e12d7c0e6115224009beffcd>
          ]
C:\Program Files (x86)\Microsoft Visual Studio\2019\Community\VC\Tools\MSVC\14.29.30037\include\xmemory(714,47): warning C4244: инициализация: преобразование "float" в "_Objty", возможна потеря данных
          with
          [
              _Objty=int
          ]
C:\Program Files (x86)\Microsoft Visual Studio\2019\Community\VC\Tools\MSVC\14.29.30037\include\xmemory(1610): message : выполняется компиляция ссылки на экземпляр шаблон функции "void std::_Default_allocator_traits<_Alloc>::construct<_Ty,float&>(_Alloc &,_Objty *const ,float &)"
          with
          [
              _Alloc=std::allocator<int>,
              _Ty=int,
              _Objty=int
          ]
C:\Program Files (x86)\Microsoft Visual Studio\2019\Community\VC\Tools\MSVC\14.29.30037\include\xmemory(1611): message : выполняется компиляция ссылки на экземпляр шаблон функции "void std::_Default_allocator_traits<_Alloc>::construct<_Ty,float&>(_Alloc &,_Objty *const ,float &)"
          with
          [
              _Alloc=std::allocator<int>,
              _Ty=int,
              _Objty=int
          ]
C:\Program Files (x86)\Microsoft Visual Studio\2019\Community\VC\Tools\MSVC\14.29.30037\include\xmemory(1651): message : выполняется компиляция ссылки на экземпляр шаблон функции "void std::_Uninitialized_backout_al<_Alloc>::_Emplace_back<float&>(float &)"
          with
          [
              _Alloc=std::allocator<int>
          ]
C:\Program Files (x86)\Microsoft Visual Studio\2019\Community\VC\Tools\MSVC\14.29.30037\include\xmemory(1651): message : выполняется компиляция ссылки на экземпляр шаблон функции "void std::_Uninitialized_backout_al<_Alloc>::_Emplace_back<float&>(float &)"
          with
          [
              _Alloc=std::allocator<int>
          ]
C:\Program Files (x86)\Microsoft Visual Studio\2019\Community\VC\Tools\MSVC\14.29.30037\include\vector(1654): message : выполняется компиляция ссылки на экземпляр шаблон функции "int *std::_Uninitialized_copy<_Iter,std::allocator<int>>(const _InIt,const _InIt,int *,_Alloc &)"
          with
          [
              _Iter=float *,
              _InIt=float *,
              _Alloc=std::allocator<int>
          ]
C:\Program Files (x86)\Microsoft Visual Studio\2019\Community\VC\Tools\MSVC\14.29.30037\include\vector(530): message : выполняется компиляция ссылки на экземпляр шаблон функции "int *std::vector<int,std::allocator<int>>::_Ucopy<_Iter>(_Iter,_Iter,int *)"
          with
          [
              _Iter=float *
          ]
C:\Program Files (x86)\Microsoft Visual Studio\2019\Community\VC\Tools\MSVC\14.29.30037\include\vector(530): message : выполняется компиляция ссылки на экземпляр шаблон функции "int *std::vector<int,std::allocator<int>>::_Ucopy<_Iter>(_Iter,_Iter,int *)"
          with
          [
              _Iter=float *
          ]
C:\Program Files (x86)\Microsoft Visual Studio\2019\Community\VC\Tools\MSVC\14.29.30037\include\vector(542): message : выполняется компиляция ссылки на экземпляр шаблон функции "void std::vector<int,std::allocator<int>>::_Range_construct_or_tidy<float*>(_Iter,_Iter,std::forward_iterator_tag)"
          with
          [
              _Iter=float *
          ]
C:\Program Files (x86)\Microsoft Visual Studio\2019\Community\VC\Tools\MSVC\14.29.30037\include\vector(542): message : выполняется компиляция ссылки на экземпляр шаблон функции "void std::vector<int,std::allocator<int>>::_Range_construct_or_tidy<float*>(_Iter,_Iter,std::forward_iterator_tag)"
          with
          [
              _Iter=float *
          ]
C:\Users\vadim\OneDrive\Документи\C++\Difficult moments C++\lesson_4\les_4\les_4\les_4.cpp(76): message : выполняется компиляция ссылки на экземпляр шаблон функции "std::vector<int,std::allocator<int>>::vector<std::_Vector_iterator<std::_Vector_val<std::_Simple_types<_Ty>>>,0>(_Iter,_Iter,const _Alloc &)"
          with
          [
              _Ty=float,
              _Iter=std::_Vector_iterator<std::_Vector_val<std::_Simple_types<float>>>,
              _Alloc=std::allocator<int>
          ]
C:\Users\vadim\OneDrive\Документи\C++\Difficult moments C++\lesson_4\les_4\les_4\les_4.cpp(76): message : выполняется компиляция ссылки на экземпляр шаблон функции "std::vector<int,std::allocator<int>>::vector<std::_Vector_iterator<std::_Vector_val<std::_Simple_types<_Ty>>>,0>(_Iter,_Iter,const _Alloc &)"
          with
          [
              _Ty=float,
              _Iter=std::_Vector_iterator<std::_Vector_val<std::_Simple_types<float>>>,
              _Alloc=std::allocator<int>
          ]
  les_4.vcxproj -> C:\Users\vadim\OneDrive\Документи\C++\Difficult moments C++\lesson_4\les_4\Debug\les_4.exe
